04-Sep-2025 15:52:29.100 INFO [main] org.apache.catalina.startup.VersionLoggerListener.log Nombre de la versión del servidor: Apache Tomcat/10.1.44
04-Sep-2025 15:52:29.106 INFO [main] org.apache.catalina.startup.VersionLoggerListener.log Server built:                      Aug 4 2025 13:14:17 UTC
04-Sep-2025 15:52:29.106 INFO [main] org.apache.catalina.startup.VersionLoggerListener.log Número de versión de servidor:     10.1.44.0
04-Sep-2025 15:52:29.106 INFO [main] org.apache.catalina.startup.VersionLoggerListener.log OS Name:                           Windows 10
04-Sep-2025 15:52:29.106 INFO [main] org.apache.catalina.startup.VersionLoggerListener.log Versión de Systema Operativo:      10.0
04-Sep-2025 15:52:29.107 INFO [main] org.apache.catalina.startup.VersionLoggerListener.log Arquitectura:                      amd64
04-Sep-2025 15:52:29.107 INFO [main] org.apache.catalina.startup.VersionLoggerListener.log Java Home:                         C:\Program Files\Java\jdk-23
04-Sep-2025 15:52:29.107 INFO [main] org.apache.catalina.startup.VersionLoggerListener.log JVM Version:                       23.0.2+7-58
04-Sep-2025 15:52:29.108 INFO [main] org.apache.catalina.startup.VersionLoggerListener.log Vededor JVM:                       Oracle Corporation
04-Sep-2025 15:52:29.108 INFO [main] org.apache.catalina.startup.VersionLoggerListener.log CATALINA_BASE:                     C:\Users\Desktop-NG250\Desktop\testing\selenium\java\java-pom\apache-tomcat-10.1.44
04-Sep-2025 15:52:29.109 INFO [main] org.apache.catalina.startup.VersionLoggerListener.log CATALINA_HOME:                     C:\Users\Desktop-NG250\Desktop\testing\selenium\java\java-pom\apache-tomcat-10.1.44
04-Sep-2025 15:52:29.707 INFO [main] org.apache.catalina.startup.VersionLoggerListener.log Command line argument:             -Djava.util.logging.config.file=C:\Users\Desktop-NG250\Desktop\testing\selenium\java\java-pom\apache-tomcat-10.1.44\conf\logging.properties
04-Sep-2025 15:52:29.708 INFO [main] org.apache.catalina.startup.VersionLoggerListener.log Command line argument:             -Djava.util.logging.manager=org.apache.juli.ClassLoaderLogManager
04-Sep-2025 15:52:29.708 INFO [main] org.apache.catalina.startup.VersionLoggerListener.log Command line argument:             -Djdk.tls.ephemeralDHKeySize=2048
04-Sep-2025 15:52:29.708 INFO [main] org.apache.catalina.startup.VersionLoggerListener.log Command line argument:             -Djava.protocol.handler.pkgs=org.apache.catalina.webresources
04-Sep-2025 15:52:29.709 INFO [main] org.apache.catalina.startup.VersionLoggerListener.log Command line argument:             -Dsun.io.useCanonCaches=false
04-Sep-2025 15:52:29.710 INFO [main] org.apache.catalina.startup.VersionLoggerListener.log Command line argument:             --add-opens=java.base/java.lang=ALL-UNNAMED
04-Sep-2025 15:52:29.710 INFO [main] org.apache.catalina.startup.VersionLoggerListener.log Command line argument:             --add-opens=java.base/java.lang.reflect=ALL-UNNAMED
04-Sep-2025 15:52:29.711 INFO [main] org.apache.catalina.startup.VersionLoggerListener.log Command line argument:             --add-opens=java.base/java.io=ALL-UNNAMED
04-Sep-2025 15:52:29.712 INFO [main] org.apache.catalina.startup.VersionLoggerListener.log Command line argument:             --add-opens=java.base/java.util=ALL-UNNAMED
04-Sep-2025 15:52:29.712 INFO [main] org.apache.catalina.startup.VersionLoggerListener.log Command line argument:             --add-opens=java.base/java.util.concurrent=ALL-UNNAMED
04-Sep-2025 15:52:29.713 INFO [main] org.apache.catalina.startup.VersionLoggerListener.log Command line argument:             --add-opens=java.rmi/sun.rmi.transport=ALL-UNNAMED
04-Sep-2025 15:52:29.714 INFO [main] org.apache.catalina.startup.VersionLoggerListener.log Command line argument:             -Dcatalina.base=C:\Users\Desktop-NG250\Desktop\testing\selenium\java\java-pom\apache-tomcat-10.1.44
04-Sep-2025 15:52:29.714 INFO [main] org.apache.catalina.startup.VersionLoggerListener.log Command line argument:             -Dcatalina.home=C:\Users\Desktop-NG250\Desktop\testing\selenium\java\java-pom\apache-tomcat-10.1.44
04-Sep-2025 15:52:29.714 INFO [main] org.apache.catalina.startup.VersionLoggerListener.log Command line argument:             -Djava.io.tmpdir=C:\Users\Desktop-NG250\Desktop\testing\selenium\java\java-pom\apache-tomcat-10.1.44\temp
04-Sep-2025 15:52:29.719 INFO [main] org.apache.catalina.core.AprLifecycleListener.lifecycleEvent Cargada la biblioteca nativa APR de Apache Tomcat [2.0.9] con la versión APR [1.7.6].
04-Sep-2025 15:52:29.729 INFO [main] org.apache.catalina.core.AprLifecycleListener.initializeSSL OpenSSL inicializado correctamente [OpenSSL 3.5.0 8 Apr 2025]
04-Sep-2025 15:52:30.498 INFO [main] org.apache.coyote.AbstractProtocol.init Inicializando el manejador de protocolo ["http-nio-8080"]

04-Sep-2025 15:52:30.557 INFO [main] org.apache.catalina.startup.Catalina.load Server initialization in [2314] milliseconds
04-Sep-2025 15:52:30.631 INFO [main] org.apache.catalina.core.StandardService.startInternal Arrancando servicio [Catalina]
04-Sep-2025 15:52:30.633 INFO [main] org.apache.catalina.core.StandardEngine.startInternal Starting Servlet engine: [Apache Tomcat/10.1.44]
04-Sep-2025 15:52:30.668 INFO [main] org.apache.catalina.startup.HostConfig.deployWAR Despliegue del archivo [C:\Users\Desktop-NG250\Desktop\testing\selenium\java\java-pom\apache-tomcat-10.1.44\webapps\parabank.war] de la aplicación web
04-Sep-2025 15:53:25.920 INFO [main] org.apache.jasper.servlet.TldScanner.scanJars Al menos un JAR, que se ha explorado buscando TLDs, aún no contenía TLDs. Activar historial de depuración para este historiador para una completa lista de los JARs que fueron explorados y de los que nos se halló TLDs. Saltarse JARs no necesarios durante la exploración puede dar lugar a una mejora de tiempo significativa en el arranque y compilación de JSP .
04-Sep-2025 15:53:53.276 INFO [main] org.apache.catalina.startup.HostConfig.deployWAR Deployment of web application archive [C:\Users\Desktop-NG250\Desktop\testing\selenium\java\java-pom\apache-tomcat-10.1.44\webapps\parabank.war] has finished in [82.607] ms
04-Sep-2025 15:53:53.279 INFO [main] org.apache.catalina.startup.HostConfig.deployDirectory Desplegando el directorio [C:\Users\Desktop-NG250\Desktop\testing\selenium\java\java-pom\apache-tomcat-10.1.44\webapps\docs] de la aplicación web
04-Sep-2025 15:53:53.392 INFO [main] org.apache.catalina.startup.HostConfig.deployDirectory Deployment of web application directory [C:\Users\Desktop-NG250\Desktop\testing\selenium\java\java-pom\apache-tomcat-10.1.44\webapps\docs] has finished in [114] ms
04-Sep-2025 15:53:53.394 INFO [main] org.apache.catalina.startup.HostConfig.deployDirectory Desplegando el directorio [C:\Users\Desktop-NG250\Desktop\testing\selenium\java\java-pom\apache-tomcat-10.1.44\webapps\examples] de la aplicación web
04-Sep-2025 15:53:54.642 INFO [main] org.apache.catalina.startup.HostConfig.deployDirectory Deployment of web application directory [C:\Users\Desktop-NG250\Desktop\testing\selenium\java\java-pom\apache-tomcat-10.1.44\webapps\examples] has finished in [1.248] ms
04-Sep-2025 15:53:54.642 INFO [main] org.apache.catalina.startup.HostConfig.deployDirectory Desplegando el directorio [C:\Users\Desktop-NG250\Desktop\testing\selenium\java\java-pom\apache-tomcat-10.1.44\webapps\host-manager] de la aplicación web
04-Sep-2025 15:53:54.740 INFO [main] org.apache.catalina.startup.HostConfig.deployDirectory Deployment of web application directory [C:\Users\Desktop-NG250\Desktop\testing\selenium\java\java-pom\apache-tomcat-10.1.44\webapps\host-manager] has finished in [98] ms
04-Sep-2025 15:53:54.743 INFO [main] org.apache.catalina.startup.HostConfig.deployDirectory Desplegando el directorio [C:\Users\Desktop-NG250\Desktop\testing\selenium\java\java-pom\apache-tomcat-10.1.44\webapps\manager] de la aplicación web
04-Sep-2025 15:53:54.840 INFO [main] org.apache.catalina.startup.HostConfig.deployDirectory Deployment of web application directory [C:\Users\Desktop-NG250\Desktop\testing\selenium\java\java-pom\apache-tomcat-10.1.44\webapps\manager] has finished in [98] ms
04-Sep-2025 15:53:54.842 INFO [main] org.apache.catalina.startup.HostConfig.deployDirectory Desplegando el directorio [C:\Users\Desktop-NG250\Desktop\testing\selenium\java\java-pom\apache-tomcat-10.1.44\webapps\ROOT] de la aplicación web
04-Sep-2025 15:53:54.889 INFO [main] org.apache.catalina.startup.HostConfig.deployDirectory Deployment of web application directory [C:\Users\Desktop-NG250\Desktop\testing\selenium\java\java-pom\apache-tomcat-10.1.44\webapps\ROOT] has finished in [46] ms
04-Sep-2025 15:53:54.896 INFO [main] org.apache.coyote.AbstractProtocol.start Starting ProtocolHandler ["http-nio-8080"]
04-Sep-2025 15:53:55.223 INFO [main] org.apache.catalina.startup.Catalina.start Server startup in [84662] milliseconds
04-Sep-2025 16:07:32.148 INFO [Thread-5] org.apache.coyote.AbstractProtocol.pause Pausing ProtocolHandler ["http-nio-8080"]
04-Sep-2025 16:07:32.157 INFO [Thread-5] org.apache.catalina.core.StandardService.stopInternal Parando servicio [Catalina]
04-Sep-2025 16:07:38.042 WARNING [Thread-5] org.apache.catalina.loader.WebappClassLoaderBase.clearReferencesThreads The web application [parabank] appears to have started a thread named [Log4j2-TF-2-Scheduled-1] but has failed to stop it. This is very likely to create a memory leak. Stack trace of thread:
 java.base/jdk.internal.misc.Unsafe.park(Native Method)
 java.base/java.util.concurrent.locks.LockSupport.parkNanos(LockSupport.java:269)
 java.base/java.util.concurrent.locks.AbstractQueuedSynchronizer$ConditionObject.awaitNanos(AbstractQueuedSynchronizer.java:1763)
 java.base/java.util.concurrent.ScheduledThreadPoolExecutor$DelayedWorkQueue.take(ScheduledThreadPoolExecutor.java:1182)
 java.base/java.util.concurrent.ScheduledThreadPoolExecutor$DelayedWorkQueue.take(ScheduledThreadPoolExecutor.java:899)
 java.base/java.util.concurrent.ThreadPoolExecutor.getTask(ThreadPoolExecutor.java:1070)
 java.base/java.util.concurrent.ThreadPoolExecutor.runWorker(ThreadPoolExecutor.java:1130)
 java.base/java.util.concurrent.ThreadPoolExecutor$Worker.run(ThreadPoolExecutor.java:642)
 java.base/java.lang.Thread.run(Thread.java:1575)
04-Sep-2025 16:07:38.059 INFO [Thread-5] org.apache.coyote.AbstractProtocol.stop Stopping ProtocolHandler ["http-nio-8080"]
04-Sep-2025 16:07:38.067 INFO [Thread-5] org.apache.coyote.AbstractProtocol.destroy Destroying ProtocolHandler ["http-nio-8080"]
