02-Sep-2025 00:13:28.558 INFO [Thread-5] org.apache.coyote.AbstractProtocol.pause Pausing ProtocolHandler ["http-nio-8080"]
02-Sep-2025 00:13:28.571 INFO [Thread-5] org.apache.catalina.core.StandardService.stopInternal Parando servicio [Catalina]
02-Sep-2025 01:30:54.630 INFO [main] org.apache.catalina.startup.VersionLoggerListener.log Nombre de la versión del servidor: Apache Tomcat/10.1.44
02-Sep-2025 01:30:54.637 INFO [main] org.apache.catalina.startup.VersionLoggerListener.log Server built:                      Aug 4 2025 13:14:17 UTC
02-Sep-2025 01:30:54.639 INFO [main] org.apache.catalina.startup.VersionLoggerListener.log Número de versión de servidor:     10.1.44.0
02-Sep-2025 01:30:54.639 INFO [main] org.apache.catalina.startup.VersionLoggerListener.log OS Name:                           Windows 10
02-Sep-2025 01:30:54.640 INFO [main] org.apache.catalina.startup.VersionLoggerListener.log Versión de Systema Operativo:      10.0
02-Sep-2025 01:30:54.641 INFO [main] org.apache.catalina.startup.VersionLoggerListener.log Arquitectura:                      amd64
02-Sep-2025 01:30:54.642 INFO [main] org.apache.catalina.startup.VersionLoggerListener.log Java Home:                         C:\Program Files\Java\jdk-23
02-Sep-2025 01:30:54.643 INFO [main] org.apache.catalina.startup.VersionLoggerListener.log JVM Version:                       23.0.2+7-58
02-Sep-2025 01:30:54.644 INFO [main] org.apache.catalina.startup.VersionLoggerListener.log Vededor JVM:                       Oracle Corporation
02-Sep-2025 01:30:54.645 INFO [main] org.apache.catalina.startup.VersionLoggerListener.log CATALINA_BASE:                     C:\Users\Desktop-NG250\Downloads\parabank-master\apache-tomcat-10.1.44-windows-x64\apache-tomcat-10.1.44
02-Sep-2025 01:30:54.645 INFO [main] org.apache.catalina.startup.VersionLoggerListener.log CATALINA_HOME:                     C:\Users\Desktop-NG250\Downloads\parabank-master\apache-tomcat-10.1.44-windows-x64\apache-tomcat-10.1.44
02-Sep-2025 01:30:54.679 INFO [main] org.apache.catalina.startup.VersionLoggerListener.log Command line argument:             -Djava.util.logging.config.file=C:\Users\Desktop-NG250\Downloads\parabank-master\apache-tomcat-10.1.44-windows-x64\apache-tomcat-10.1.44\conf\logging.properties
02-Sep-2025 01:30:54.680 INFO [main] org.apache.catalina.startup.VersionLoggerListener.log Command line argument:             -Djava.util.logging.manager=org.apache.juli.ClassLoaderLogManager
02-Sep-2025 01:30:54.681 INFO [main] org.apache.catalina.startup.VersionLoggerListener.log Command line argument:             -Djdk.tls.ephemeralDHKeySize=2048
02-Sep-2025 01:30:54.682 INFO [main] org.apache.catalina.startup.VersionLoggerListener.log Command line argument:             -Djava.protocol.handler.pkgs=org.apache.catalina.webresources
02-Sep-2025 01:30:54.683 INFO [main] org.apache.catalina.startup.VersionLoggerListener.log Command line argument:             -Dsun.io.useCanonCaches=false
02-Sep-2025 01:30:54.686 INFO [main] org.apache.catalina.startup.VersionLoggerListener.log Command line argument:             --add-opens=java.base/java.lang=ALL-UNNAMED
02-Sep-2025 01:30:54.687 INFO [main] org.apache.catalina.startup.VersionLoggerListener.log Command line argument:             --add-opens=java.base/java.lang.reflect=ALL-UNNAMED
02-Sep-2025 01:30:54.689 INFO [main] org.apache.catalina.startup.VersionLoggerListener.log Command line argument:             --add-opens=java.base/java.io=ALL-UNNAMED
02-Sep-2025 01:30:54.691 INFO [main] org.apache.catalina.startup.VersionLoggerListener.log Command line argument:             --add-opens=java.base/java.util=ALL-UNNAMED
02-Sep-2025 01:30:54.693 INFO [main] org.apache.catalina.startup.VersionLoggerListener.log Command line argument:             --add-opens=java.base/java.util.concurrent=ALL-UNNAMED
02-Sep-2025 01:30:54.694 INFO [main] org.apache.catalina.startup.VersionLoggerListener.log Command line argument:             --add-opens=java.rmi/sun.rmi.transport=ALL-UNNAMED
02-Sep-2025 01:30:54.695 INFO [main] org.apache.catalina.startup.VersionLoggerListener.log Command line argument:             -Dcatalina.base=C:\Users\Desktop-NG250\Downloads\parabank-master\apache-tomcat-10.1.44-windows-x64\apache-tomcat-10.1.44
02-Sep-2025 01:30:54.698 INFO [main] org.apache.catalina.startup.VersionLoggerListener.log Command line argument:             -Dcatalina.home=C:\Users\Desktop-NG250\Downloads\parabank-master\apache-tomcat-10.1.44-windows-x64\apache-tomcat-10.1.44
02-Sep-2025 01:30:54.699 INFO [main] org.apache.catalina.startup.VersionLoggerListener.log Command line argument:             -Djava.io.tmpdir=C:\Users\Desktop-NG250\Downloads\parabank-master\apache-tomcat-10.1.44-windows-x64\apache-tomcat-10.1.44\temp
02-Sep-2025 01:30:54.723 INFO [main] org.apache.catalina.core.AprLifecycleListener.lifecycleEvent Cargada la biblioteca nativa APR de Apache Tomcat [2.0.9] con la versión APR [1.7.6].
02-Sep-2025 01:30:54.743 INFO [main] org.apache.catalina.core.AprLifecycleListener.initializeSSL OpenSSL inicializado correctamente [OpenSSL 3.5.0 8 Apr 2025]
02-Sep-2025 01:30:55.391 INFO [main] org.apache.coyote.AbstractProtocol.init Inicializando el manejador de protocolo ["http-nio-8080"]

02-Sep-2025 01:30:55.444 INFO [main] org.apache.catalina.startup.Catalina.load Server initialization in [1184] milliseconds
02-Sep-2025 01:30:55.533 INFO [main] org.apache.catalina.core.StandardService.startInternal Arrancando servicio [Catalina]
02-Sep-2025 01:30:55.536 INFO [main] org.apache.catalina.core.StandardEngine.startInternal Starting Servlet engine: [Apache Tomcat/10.1.44]
02-Sep-2025 01:30:55.570 INFO [main] org.apache.catalina.startup.HostConfig.deployWAR Despliegue del archivo [C:\Users\Desktop-NG250\Downloads\parabank-master\apache-tomcat-10.1.44-windows-x64\apache-tomcat-10.1.44\webapps\parabank.war] de la aplicación web
02-Sep-2025 01:31:16.189 INFO [main] org.apache.jasper.servlet.TldScanner.scanJars Al menos un JAR, que se ha explorado buscando TLDs, aún no contenía TLDs. Activar historial de depuración para este historiador para una completa lista de los JARs que fueron explorados y de los que nos se halló TLDs. Saltarse JARs no necesarios durante la exploración puede dar lugar a una mejora de tiempo significativa en el arranque y compilación de JSP .
02-Sep-2025 01:32:37.249 INFO [main] org.apache.catalina.startup.HostConfig.deployWAR Deployment of web application archive [C:\Users\Desktop-NG250\Downloads\parabank-master\apache-tomcat-10.1.44-windows-x64\apache-tomcat-10.1.44\webapps\parabank.war] has finished in [101.677] ms
02-Sep-2025 01:32:37.258 INFO [main] org.apache.catalina.startup.HostConfig.deployDirectory Desplegando el directorio [C:\Users\Desktop-NG250\Downloads\parabank-master\apache-tomcat-10.1.44-windows-x64\apache-tomcat-10.1.44\webapps\docs] de la aplicación web
02-Sep-2025 01:32:37.346 INFO [main] org.apache.catalina.startup.HostConfig.deployDirectory Deployment of web application directory [C:\Users\Desktop-NG250\Downloads\parabank-master\apache-tomcat-10.1.44-windows-x64\apache-tomcat-10.1.44\webapps\docs] has finished in [89] ms
02-Sep-2025 01:32:37.349 INFO [main] org.apache.catalina.startup.HostConfig.deployDirectory Desplegando el directorio [C:\Users\Desktop-NG250\Downloads\parabank-master\apache-tomcat-10.1.44-windows-x64\apache-tomcat-10.1.44\webapps\examples] de la aplicación web
02-Sep-2025 01:32:38.559 INFO [main] org.apache.catalina.startup.HostConfig.deployDirectory Deployment of web application directory [C:\Users\Desktop-NG250\Downloads\parabank-master\apache-tomcat-10.1.44-windows-x64\apache-tomcat-10.1.44\webapps\examples] has finished in [1.210] ms
02-Sep-2025 01:32:38.562 INFO [main] org.apache.catalina.startup.HostConfig.deployDirectory Desplegando el directorio [C:\Users\Desktop-NG250\Downloads\parabank-master\apache-tomcat-10.1.44-windows-x64\apache-tomcat-10.1.44\webapps\host-manager] de la aplicación web
02-Sep-2025 01:32:38.665 INFO [main] org.apache.catalina.startup.HostConfig.deployDirectory Deployment of web application directory [C:\Users\Desktop-NG250\Downloads\parabank-master\apache-tomcat-10.1.44-windows-x64\apache-tomcat-10.1.44\webapps\host-manager] has finished in [103] ms
02-Sep-2025 01:32:38.667 INFO [main] org.apache.catalina.startup.HostConfig.deployDirectory Desplegando el directorio [C:\Users\Desktop-NG250\Downloads\parabank-master\apache-tomcat-10.1.44-windows-x64\apache-tomcat-10.1.44\webapps\manager] de la aplicación web
02-Sep-2025 01:32:38.752 INFO [main] org.apache.catalina.startup.HostConfig.deployDirectory Deployment of web application directory [C:\Users\Desktop-NG250\Downloads\parabank-master\apache-tomcat-10.1.44-windows-x64\apache-tomcat-10.1.44\webapps\manager] has finished in [85] ms
02-Sep-2025 01:32:38.757 INFO [main] org.apache.catalina.startup.HostConfig.deployDirectory Desplegando el directorio [C:\Users\Desktop-NG250\Downloads\parabank-master\apache-tomcat-10.1.44-windows-x64\apache-tomcat-10.1.44\webapps\ROOT] de la aplicación web
02-Sep-2025 01:32:38.799 INFO [main] org.apache.catalina.startup.HostConfig.deployDirectory Deployment of web application directory [C:\Users\Desktop-NG250\Downloads\parabank-master\apache-tomcat-10.1.44-windows-x64\apache-tomcat-10.1.44\webapps\ROOT] has finished in [43] ms
02-Sep-2025 01:32:38.809 INFO [main] org.apache.coyote.AbstractProtocol.start Starting ProtocolHandler ["http-nio-8080"]
02-Sep-2025 01:32:38.900 INFO [main] org.apache.catalina.startup.Catalina.start Server startup in [103449] milliseconds
02-Sep-2025 01:37:25.277 INFO [main] org.apache.catalina.startup.VersionLoggerListener.log Nombre de la versión del servidor: Apache Tomcat/10.1.44
02-Sep-2025 01:37:25.283 INFO [main] org.apache.catalina.startup.VersionLoggerListener.log Server built:                      Aug 4 2025 13:14:17 UTC
02-Sep-2025 01:37:25.284 INFO [main] org.apache.catalina.startup.VersionLoggerListener.log Número de versión de servidor:     10.1.44.0
02-Sep-2025 01:37:25.284 INFO [main] org.apache.catalina.startup.VersionLoggerListener.log OS Name:                           Windows 10
02-Sep-2025 01:37:25.285 INFO [main] org.apache.catalina.startup.VersionLoggerListener.log Versión de Systema Operativo:      10.0
02-Sep-2025 01:37:25.285 INFO [main] org.apache.catalina.startup.VersionLoggerListener.log Arquitectura:                      amd64
02-Sep-2025 01:37:25.286 INFO [main] org.apache.catalina.startup.VersionLoggerListener.log Java Home:                         C:\Program Files\Java\jdk-23
02-Sep-2025 01:37:25.286 INFO [main] org.apache.catalina.startup.VersionLoggerListener.log JVM Version:                       23.0.2+7-58
02-Sep-2025 01:37:25.287 INFO [main] org.apache.catalina.startup.VersionLoggerListener.log Vededor JVM:                       Oracle Corporation
02-Sep-2025 01:37:25.288 INFO [main] org.apache.catalina.startup.VersionLoggerListener.log CATALINA_BASE:                     C:\Users\Desktop-NG250\Desktop\testing\selenium\java\java-pom\apache-tomcat-10.1.44
02-Sep-2025 01:37:25.289 INFO [main] org.apache.catalina.startup.VersionLoggerListener.log CATALINA_HOME:                     C:\Users\Desktop-NG250\Desktop\testing\selenium\java\java-pom\apache-tomcat-10.1.44
02-Sep-2025 01:37:25.301 INFO [main] org.apache.catalina.startup.VersionLoggerListener.log Command line argument:             -Djava.util.logging.config.file=C:\Users\Desktop-NG250\Desktop\testing\selenium\java\java-pom\apache-tomcat-10.1.44\conf\logging.properties
02-Sep-2025 01:37:25.301 INFO [main] org.apache.catalina.startup.VersionLoggerListener.log Command line argument:             -Djava.util.logging.manager=org.apache.juli.ClassLoaderLogManager
02-Sep-2025 01:37:25.302 INFO [main] org.apache.catalina.startup.VersionLoggerListener.log Command line argument:             -Djdk.tls.ephemeralDHKeySize=2048
02-Sep-2025 01:37:25.302 INFO [main] org.apache.catalina.startup.VersionLoggerListener.log Command line argument:             -Djava.protocol.handler.pkgs=org.apache.catalina.webresources
02-Sep-2025 01:37:25.303 INFO [main] org.apache.catalina.startup.VersionLoggerListener.log Command line argument:             -Dsun.io.useCanonCaches=false
02-Sep-2025 01:37:25.305 INFO [main] org.apache.catalina.startup.VersionLoggerListener.log Command line argument:             --add-opens=java.base/java.lang=ALL-UNNAMED
02-Sep-2025 01:37:25.306 INFO [main] org.apache.catalina.startup.VersionLoggerListener.log Command line argument:             --add-opens=java.base/java.lang.reflect=ALL-UNNAMED
02-Sep-2025 01:37:25.307 INFO [main] org.apache.catalina.startup.VersionLoggerListener.log Command line argument:             --add-opens=java.base/java.io=ALL-UNNAMED
02-Sep-2025 01:37:25.308 INFO [main] org.apache.catalina.startup.VersionLoggerListener.log Command line argument:             --add-opens=java.base/java.util=ALL-UNNAMED
02-Sep-2025 01:37:25.310 INFO [main] org.apache.catalina.startup.VersionLoggerListener.log Command line argument:             --add-opens=java.base/java.util.concurrent=ALL-UNNAMED
02-Sep-2025 01:37:25.313 INFO [main] org.apache.catalina.startup.VersionLoggerListener.log Command line argument:             --add-opens=java.rmi/sun.rmi.transport=ALL-UNNAMED
02-Sep-2025 01:37:25.314 INFO [main] org.apache.catalina.startup.VersionLoggerListener.log Command line argument:             -Dcatalina.base=C:\Users\Desktop-NG250\Desktop\testing\selenium\java\java-pom\apache-tomcat-10.1.44
02-Sep-2025 01:37:25.315 INFO [main] org.apache.catalina.startup.VersionLoggerListener.log Command line argument:             -Dcatalina.home=C:\Users\Desktop-NG250\Desktop\testing\selenium\java\java-pom\apache-tomcat-10.1.44
02-Sep-2025 01:37:25.317 INFO [main] org.apache.catalina.startup.VersionLoggerListener.log Command line argument:             -Djava.io.tmpdir=C:\Users\Desktop-NG250\Desktop\testing\selenium\java\java-pom\apache-tomcat-10.1.44\temp
02-Sep-2025 01:37:25.321 INFO [main] org.apache.catalina.core.AprLifecycleListener.lifecycleEvent Cargada la biblioteca nativa APR de Apache Tomcat [2.0.9] con la versión APR [1.7.6].
02-Sep-2025 01:37:25.333 INFO [main] org.apache.catalina.core.AprLifecycleListener.initializeSSL OpenSSL inicializado correctamente [OpenSSL 3.5.0 8 Apr 2025]
02-Sep-2025 01:37:25.761 INFO [main] org.apache.coyote.AbstractProtocol.init Inicializando el manejador de protocolo ["http-nio-8080"]

02-Sep-2025 01:37:25.799 INFO [main] org.apache.catalina.startup.Catalina.load Server initialization in [813] milliseconds
02-Sep-2025 01:37:25.887 INFO [main] org.apache.catalina.core.StandardService.startInternal Arrancando servicio [Catalina]
02-Sep-2025 01:37:25.889 INFO [main] org.apache.catalina.core.StandardEngine.startInternal Starting Servlet engine: [Apache Tomcat/10.1.44]
02-Sep-2025 01:37:25.924 INFO [main] org.apache.catalina.startup.HostConfig.deployWAR Despliegue del archivo [C:\Users\Desktop-NG250\Desktop\testing\selenium\java\java-pom\apache-tomcat-10.1.44\webapps\parabank.war] de la aplicación web
02-Sep-2025 01:39:00.399 INFO [main] org.apache.catalina.startup.VersionLoggerListener.log Nombre de la versión del servidor: Apache Tomcat/10.1.44
02-Sep-2025 01:39:00.405 INFO [main] org.apache.catalina.startup.VersionLoggerListener.log Server built:                      Aug 4 2025 13:14:17 UTC
02-Sep-2025 01:39:00.406 INFO [main] org.apache.catalina.startup.VersionLoggerListener.log Número de versión de servidor:     10.1.44.0
02-Sep-2025 01:39:00.406 INFO [main] org.apache.catalina.startup.VersionLoggerListener.log OS Name:                           Windows 10
02-Sep-2025 01:39:00.407 INFO [main] org.apache.catalina.startup.VersionLoggerListener.log Versión de Systema Operativo:      10.0
02-Sep-2025 01:39:00.407 INFO [main] org.apache.catalina.startup.VersionLoggerListener.log Arquitectura:                      amd64
02-Sep-2025 01:39:00.408 INFO [main] org.apache.catalina.startup.VersionLoggerListener.log Java Home:                         C:\Program Files\Java\jdk-23
02-Sep-2025 01:39:00.409 INFO [main] org.apache.catalina.startup.VersionLoggerListener.log JVM Version:                       23.0.2+7-58
02-Sep-2025 01:39:00.409 INFO [main] org.apache.catalina.startup.VersionLoggerListener.log Vededor JVM:                       Oracle Corporation
02-Sep-2025 01:39:00.410 INFO [main] org.apache.catalina.startup.VersionLoggerListener.log CATALINA_BASE:                     C:\Users\Desktop-NG250\Desktop\testing\selenium\java\java-pom\apache-tomcat-10.1.44
02-Sep-2025 01:39:00.410 INFO [main] org.apache.catalina.startup.VersionLoggerListener.log CATALINA_HOME:                     C:\Users\Desktop-NG250\Desktop\testing\selenium\java\java-pom\apache-tomcat-10.1.44
02-Sep-2025 01:39:00.424 INFO [main] org.apache.catalina.startup.VersionLoggerListener.log Command line argument:             -Djava.util.logging.config.file=C:\Users\Desktop-NG250\Desktop\testing\selenium\java\java-pom\apache-tomcat-10.1.44\conf\logging.properties
02-Sep-2025 01:39:00.425 INFO [main] org.apache.catalina.startup.VersionLoggerListener.log Command line argument:             -Djava.util.logging.manager=org.apache.juli.ClassLoaderLogManager
02-Sep-2025 01:39:00.426 INFO [main] org.apache.catalina.startup.VersionLoggerListener.log Command line argument:             -Djdk.tls.ephemeralDHKeySize=2048
02-Sep-2025 01:39:00.426 INFO [main] org.apache.catalina.startup.VersionLoggerListener.log Command line argument:             -Djava.protocol.handler.pkgs=org.apache.catalina.webresources
02-Sep-2025 01:39:00.427 INFO [main] org.apache.catalina.startup.VersionLoggerListener.log Command line argument:             -Dsun.io.useCanonCaches=false
02-Sep-2025 01:39:00.428 INFO [main] org.apache.catalina.startup.VersionLoggerListener.log Command line argument:             --add-opens=java.base/java.lang=ALL-UNNAMED
02-Sep-2025 01:39:00.429 INFO [main] org.apache.catalina.startup.VersionLoggerListener.log Command line argument:             --add-opens=java.base/java.lang.reflect=ALL-UNNAMED
02-Sep-2025 01:39:00.431 INFO [main] org.apache.catalina.startup.VersionLoggerListener.log Command line argument:             --add-opens=java.base/java.io=ALL-UNNAMED
02-Sep-2025 01:39:00.434 INFO [main] org.apache.catalina.startup.VersionLoggerListener.log Command line argument:             --add-opens=java.base/java.util=ALL-UNNAMED
02-Sep-2025 01:39:00.437 INFO [main] org.apache.catalina.startup.VersionLoggerListener.log Command line argument:             --add-opens=java.base/java.util.concurrent=ALL-UNNAMED
02-Sep-2025 01:39:00.438 INFO [main] org.apache.catalina.startup.VersionLoggerListener.log Command line argument:             --add-opens=java.rmi/sun.rmi.transport=ALL-UNNAMED
02-Sep-2025 01:39:00.439 INFO [main] org.apache.catalina.startup.VersionLoggerListener.log Command line argument:             -Dcatalina.base=C:\Users\Desktop-NG250\Desktop\testing\selenium\java\java-pom\apache-tomcat-10.1.44
02-Sep-2025 01:39:00.440 INFO [main] org.apache.catalina.startup.VersionLoggerListener.log Command line argument:             -Dcatalina.home=C:\Users\Desktop-NG250\Desktop\testing\selenium\java\java-pom\apache-tomcat-10.1.44
02-Sep-2025 01:39:00.441 INFO [main] org.apache.catalina.startup.VersionLoggerListener.log Command line argument:             -Djava.io.tmpdir=C:\Users\Desktop-NG250\Desktop\testing\selenium\java\java-pom\apache-tomcat-10.1.44\temp
02-Sep-2025 01:39:00.446 INFO [main] org.apache.catalina.core.AprLifecycleListener.lifecycleEvent Cargada la biblioteca nativa APR de Apache Tomcat [2.0.9] con la versión APR [1.7.6].
02-Sep-2025 01:39:00.458 INFO [main] org.apache.catalina.core.AprLifecycleListener.initializeSSL OpenSSL inicializado correctamente [OpenSSL 3.5.0 8 Apr 2025]
02-Sep-2025 01:39:00.888 INFO [main] org.apache.coyote.AbstractProtocol.init Inicializando el manejador de protocolo ["http-nio-8080"]

02-Sep-2025 01:39:00.926 INFO [main] org.apache.catalina.startup.Catalina.load Server initialization in [827] milliseconds
02-Sep-2025 01:39:00.997 INFO [main] org.apache.catalina.core.StandardService.startInternal Arrancando servicio [Catalina]
02-Sep-2025 01:39:00.999 INFO [main] org.apache.catalina.core.StandardEngine.startInternal Starting Servlet engine: [Apache Tomcat/10.1.44]
02-Sep-2025 01:39:01.036 INFO [main] org.apache.catalina.startup.HostConfig.deployWAR Despliegue del archivo [C:\Users\Desktop-NG250\Desktop\testing\selenium\java\java-pom\apache-tomcat-10.1.44\webapps\parabank.war] de la aplicación web
02-Sep-2025 01:39:10.110 INFO [main] org.apache.jasper.servlet.TldScanner.scanJars Al menos un JAR, que se ha explorado buscando TLDs, aún no contenía TLDs. Activar historial de depuración para este historiador para una completa lista de los JARs que fueron explorados y de los que nos se halló TLDs. Saltarse JARs no necesarios durante la exploración puede dar lugar a una mejora de tiempo significativa en el arranque y compilación de JSP .
02-Sep-2025 01:39:25.168 INFO [main] org.apache.catalina.startup.HostConfig.deployWAR Deployment of web application archive [C:\Users\Desktop-NG250\Desktop\testing\selenium\java\java-pom\apache-tomcat-10.1.44\webapps\parabank.war] has finished in [24.129] ms
02-Sep-2025 01:39:25.170 INFO [main] org.apache.catalina.startup.HostConfig.deployDirectory Desplegando el directorio [C:\Users\Desktop-NG250\Desktop\testing\selenium\java\java-pom\apache-tomcat-10.1.44\webapps\docs] de la aplicación web
02-Sep-2025 01:39:25.254 INFO [main] org.apache.catalina.startup.HostConfig.deployDirectory Deployment of web application directory [C:\Users\Desktop-NG250\Desktop\testing\selenium\java\java-pom\apache-tomcat-10.1.44\webapps\docs] has finished in [84] ms
02-Sep-2025 01:39:25.260 INFO [main] org.apache.catalina.startup.HostConfig.deployDirectory Desplegando el directorio [C:\Users\Desktop-NG250\Desktop\testing\selenium\java\java-pom\apache-tomcat-10.1.44\webapps\examples] de la aplicación web
02-Sep-2025 01:39:25.915 INFO [main] org.apache.catalina.startup.HostConfig.deployDirectory Deployment of web application directory [C:\Users\Desktop-NG250\Desktop\testing\selenium\java\java-pom\apache-tomcat-10.1.44\webapps\examples] has finished in [654] ms
02-Sep-2025 01:39:25.917 INFO [main] org.apache.catalina.startup.HostConfig.deployDirectory Desplegando el directorio [C:\Users\Desktop-NG250\Desktop\testing\selenium\java\java-pom\apache-tomcat-10.1.44\webapps\host-manager] de la aplicación web
02-Sep-2025 01:39:25.989 INFO [main] org.apache.catalina.startup.HostConfig.deployDirectory Deployment of web application directory [C:\Users\Desktop-NG250\Desktop\testing\selenium\java\java-pom\apache-tomcat-10.1.44\webapps\host-manager] has finished in [73] ms
02-Sep-2025 01:39:25.991 INFO [main] org.apache.catalina.startup.HostConfig.deployDirectory Desplegando el directorio [C:\Users\Desktop-NG250\Desktop\testing\selenium\java\java-pom\apache-tomcat-10.1.44\webapps\manager] de la aplicación web
02-Sep-2025 01:39:26.056 INFO [main] org.apache.catalina.startup.HostConfig.deployDirectory Deployment of web application directory [C:\Users\Desktop-NG250\Desktop\testing\selenium\java\java-pom\apache-tomcat-10.1.44\webapps\manager] has finished in [64] ms
02-Sep-2025 01:39:26.058 INFO [main] org.apache.catalina.startup.HostConfig.deployDirectory Desplegando el directorio [C:\Users\Desktop-NG250\Desktop\testing\selenium\java\java-pom\apache-tomcat-10.1.44\webapps\ROOT] de la aplicación web
02-Sep-2025 01:39:26.104 INFO [main] org.apache.catalina.startup.HostConfig.deployDirectory Deployment of web application directory [C:\Users\Desktop-NG250\Desktop\testing\selenium\java\java-pom\apache-tomcat-10.1.44\webapps\ROOT] has finished in [45] ms
02-Sep-2025 01:39:26.113 INFO [main] org.apache.coyote.AbstractProtocol.start Starting ProtocolHandler ["http-nio-8080"]
02-Sep-2025 01:39:26.205 INFO [main] org.apache.catalina.startup.Catalina.start Server startup in [25275] milliseconds
02-Sep-2025 15:58:13.872 INFO [main] org.apache.catalina.startup.VersionLoggerListener.log Nombre de la versión del servidor: Apache Tomcat/10.1.44
02-Sep-2025 15:58:13.877 INFO [main] org.apache.catalina.startup.VersionLoggerListener.log Server built:                      Aug 4 2025 13:14:17 UTC
02-Sep-2025 15:58:13.878 INFO [main] org.apache.catalina.startup.VersionLoggerListener.log Número de versión de servidor:     10.1.44.0
02-Sep-2025 15:58:13.879 INFO [main] org.apache.catalina.startup.VersionLoggerListener.log OS Name:                           Windows 10
02-Sep-2025 15:58:13.879 INFO [main] org.apache.catalina.startup.VersionLoggerListener.log Versión de Systema Operativo:      10.0
02-Sep-2025 15:58:13.879 INFO [main] org.apache.catalina.startup.VersionLoggerListener.log Arquitectura:                      amd64
02-Sep-2025 15:58:13.880 INFO [main] org.apache.catalina.startup.VersionLoggerListener.log Java Home:                         C:\Program Files\Java\jdk-23
02-Sep-2025 15:58:13.881 INFO [main] org.apache.catalina.startup.VersionLoggerListener.log JVM Version:                       23.0.2+7-58
02-Sep-2025 15:58:13.883 INFO [main] org.apache.catalina.startup.VersionLoggerListener.log Vededor JVM:                       Oracle Corporation
02-Sep-2025 15:58:13.883 INFO [main] org.apache.catalina.startup.VersionLoggerListener.log CATALINA_BASE:                     C:\Users\Desktop-NG250\Desktop\testing\selenium\java\java-pom\apache-tomcat-10.1.44
02-Sep-2025 15:58:13.883 INFO [main] org.apache.catalina.startup.VersionLoggerListener.log CATALINA_HOME:                     C:\Users\Desktop-NG250\Desktop\testing\selenium\java\java-pom\apache-tomcat-10.1.44
02-Sep-2025 15:58:13.913 INFO [main] org.apache.catalina.startup.VersionLoggerListener.log Command line argument:             -Djava.util.logging.config.file=C:\Users\Desktop-NG250\Desktop\testing\selenium\java\java-pom\apache-tomcat-10.1.44\conf\logging.properties
02-Sep-2025 15:58:13.914 INFO [main] org.apache.catalina.startup.VersionLoggerListener.log Command line argument:             -Djava.util.logging.manager=org.apache.juli.ClassLoaderLogManager
02-Sep-2025 15:58:13.914 INFO [main] org.apache.catalina.startup.VersionLoggerListener.log Command line argument:             -Djdk.tls.ephemeralDHKeySize=2048
02-Sep-2025 15:58:13.914 INFO [main] org.apache.catalina.startup.VersionLoggerListener.log Command line argument:             -Djava.protocol.handler.pkgs=org.apache.catalina.webresources
02-Sep-2025 15:58:13.914 INFO [main] org.apache.catalina.startup.VersionLoggerListener.log Command line argument:             -Dsun.io.useCanonCaches=false
02-Sep-2025 15:58:13.914 INFO [main] org.apache.catalina.startup.VersionLoggerListener.log Command line argument:             --add-opens=java.base/java.lang=ALL-UNNAMED
02-Sep-2025 15:58:13.915 INFO [main] org.apache.catalina.startup.VersionLoggerListener.log Command line argument:             --add-opens=java.base/java.lang.reflect=ALL-UNNAMED
02-Sep-2025 15:58:13.915 INFO [main] org.apache.catalina.startup.VersionLoggerListener.log Command line argument:             --add-opens=java.base/java.io=ALL-UNNAMED
02-Sep-2025 15:58:13.916 INFO [main] org.apache.catalina.startup.VersionLoggerListener.log Command line argument:             --add-opens=java.base/java.util=ALL-UNNAMED
02-Sep-2025 15:58:13.916 INFO [main] org.apache.catalina.startup.VersionLoggerListener.log Command line argument:             --add-opens=java.base/java.util.concurrent=ALL-UNNAMED
02-Sep-2025 15:58:13.917 INFO [main] org.apache.catalina.startup.VersionLoggerListener.log Command line argument:             --add-opens=java.rmi/sun.rmi.transport=ALL-UNNAMED
02-Sep-2025 15:58:13.921 INFO [main] org.apache.catalina.startup.VersionLoggerListener.log Command line argument:             -Dcatalina.base=C:\Users\Desktop-NG250\Desktop\testing\selenium\java\java-pom\apache-tomcat-10.1.44
02-Sep-2025 15:58:13.921 INFO [main] org.apache.catalina.startup.VersionLoggerListener.log Command line argument:             -Dcatalina.home=C:\Users\Desktop-NG250\Desktop\testing\selenium\java\java-pom\apache-tomcat-10.1.44
02-Sep-2025 15:58:13.922 INFO [main] org.apache.catalina.startup.VersionLoggerListener.log Command line argument:             -Djava.io.tmpdir=C:\Users\Desktop-NG250\Desktop\testing\selenium\java\java-pom\apache-tomcat-10.1.44\temp
02-Sep-2025 15:58:13.981 INFO [main] org.apache.catalina.core.AprLifecycleListener.lifecycleEvent Cargada la biblioteca nativa APR de Apache Tomcat [2.0.9] con la versión APR [1.7.6].
02-Sep-2025 15:58:14.081 INFO [main] org.apache.catalina.core.AprLifecycleListener.initializeSSL OpenSSL inicializado correctamente [OpenSSL 3.5.0 8 Apr 2025]
02-Sep-2025 15:58:15.006 INFO [main] org.apache.coyote.AbstractProtocol.init Inicializando el manejador de protocolo ["http-nio-8080"]

02-Sep-2025 15:58:15.051 INFO [main] org.apache.catalina.startup.Catalina.load Server initialization in [2196] milliseconds
02-Sep-2025 15:58:15.156 INFO [main] org.apache.catalina.core.StandardService.startInternal Arrancando servicio [Catalina]
02-Sep-2025 15:58:15.157 INFO [main] org.apache.catalina.core.StandardEngine.startInternal Starting Servlet engine: [Apache Tomcat/10.1.44]
02-Sep-2025 15:58:15.207 INFO [main] org.apache.catalina.startup.HostConfig.deployWAR Despliegue del archivo [C:\Users\Desktop-NG250\Desktop\testing\selenium\java\java-pom\apache-tomcat-10.1.44\webapps\parabank.war] de la aplicación web
02-Sep-2025 15:58:40.011 INFO [main] org.apache.jasper.servlet.TldScanner.scanJars Al menos un JAR, que se ha explorado buscando TLDs, aún no contenía TLDs. Activar historial de depuración para este historiador para una completa lista de los JARs que fueron explorados y de los que nos se halló TLDs. Saltarse JARs no necesarios durante la exploración puede dar lugar a una mejora de tiempo significativa en el arranque y compilación de JSP .
02-Sep-2025 15:58:58.366 INFO [main] org.apache.catalina.startup.HostConfig.deployWAR Deployment of web application archive [C:\Users\Desktop-NG250\Desktop\testing\selenium\java\java-pom\apache-tomcat-10.1.44\webapps\parabank.war] has finished in [43.157] ms
02-Sep-2025 15:58:58.368 INFO [main] org.apache.catalina.startup.HostConfig.deployDirectory Desplegando el directorio [C:\Users\Desktop-NG250\Desktop\testing\selenium\java\java-pom\apache-tomcat-10.1.44\webapps\docs] de la aplicación web
02-Sep-2025 15:58:58.483 INFO [main] org.apache.catalina.startup.HostConfig.deployDirectory Deployment of web application directory [C:\Users\Desktop-NG250\Desktop\testing\selenium\java\java-pom\apache-tomcat-10.1.44\webapps\docs] has finished in [115] ms
02-Sep-2025 15:58:58.485 INFO [main] org.apache.catalina.startup.HostConfig.deployDirectory Desplegando el directorio [C:\Users\Desktop-NG250\Desktop\testing\selenium\java\java-pom\apache-tomcat-10.1.44\webapps\examples] de la aplicación web
02-Sep-2025 15:59:00.314 INFO [main] org.apache.catalina.startup.HostConfig.deployDirectory Deployment of web application directory [C:\Users\Desktop-NG250\Desktop\testing\selenium\java\java-pom\apache-tomcat-10.1.44\webapps\examples] has finished in [1.829] ms
02-Sep-2025 15:59:00.334 INFO [main] org.apache.catalina.startup.HostConfig.deployDirectory Desplegando el directorio [C:\Users\Desktop-NG250\Desktop\testing\selenium\java\java-pom\apache-tomcat-10.1.44\webapps\host-manager] de la aplicación web
02-Sep-2025 15:59:00.484 INFO [main] org.apache.catalina.startup.HostConfig.deployDirectory Deployment of web application directory [C:\Users\Desktop-NG250\Desktop\testing\selenium\java\java-pom\apache-tomcat-10.1.44\webapps\host-manager] has finished in [150] ms
02-Sep-2025 15:59:00.488 INFO [main] org.apache.catalina.startup.HostConfig.deployDirectory Desplegando el directorio [C:\Users\Desktop-NG250\Desktop\testing\selenium\java\java-pom\apache-tomcat-10.1.44\webapps\manager] de la aplicación web
02-Sep-2025 15:59:00.600 INFO [main] org.apache.catalina.startup.HostConfig.deployDirectory Deployment of web application directory [C:\Users\Desktop-NG250\Desktop\testing\selenium\java\java-pom\apache-tomcat-10.1.44\webapps\manager] has finished in [111] ms
02-Sep-2025 15:59:00.603 INFO [main] org.apache.catalina.startup.HostConfig.deployDirectory Desplegando el directorio [C:\Users\Desktop-NG250\Desktop\testing\selenium\java\java-pom\apache-tomcat-10.1.44\webapps\ROOT] de la aplicación web
02-Sep-2025 15:59:00.699 INFO [main] org.apache.catalina.startup.HostConfig.deployDirectory Deployment of web application directory [C:\Users\Desktop-NG250\Desktop\testing\selenium\java\java-pom\apache-tomcat-10.1.44\webapps\ROOT] has finished in [97] ms
02-Sep-2025 15:59:00.707 INFO [main] org.apache.coyote.AbstractProtocol.start Starting ProtocolHandler ["http-nio-8080"]
02-Sep-2025 15:59:00.921 INFO [main] org.apache.catalina.startup.Catalina.start Server startup in [45867] milliseconds
02-Sep-2025 21:41:16.376 INFO [main] org.apache.catalina.startup.VersionLoggerListener.log Nombre de la versión del servidor: Apache Tomcat/10.1.44
02-Sep-2025 21:41:16.382 INFO [main] org.apache.catalina.startup.VersionLoggerListener.log Server built:                      Aug 4 2025 13:14:17 UTC
02-Sep-2025 21:41:16.383 INFO [main] org.apache.catalina.startup.VersionLoggerListener.log Número de versión de servidor:     10.1.44.0
02-Sep-2025 21:41:16.384 INFO [main] org.apache.catalina.startup.VersionLoggerListener.log OS Name:                           Windows 10
02-Sep-2025 21:41:16.384 INFO [main] org.apache.catalina.startup.VersionLoggerListener.log Versión de Systema Operativo:      10.0
02-Sep-2025 21:41:16.385 INFO [main] org.apache.catalina.startup.VersionLoggerListener.log Arquitectura:                      amd64
02-Sep-2025 21:41:16.385 INFO [main] org.apache.catalina.startup.VersionLoggerListener.log Java Home:                         C:\Program Files\Java\jdk-23
02-Sep-2025 21:41:16.386 INFO [main] org.apache.catalina.startup.VersionLoggerListener.log JVM Version:                       23.0.2+7-58
02-Sep-2025 21:41:16.386 INFO [main] org.apache.catalina.startup.VersionLoggerListener.log Vededor JVM:                       Oracle Corporation
02-Sep-2025 21:41:16.387 INFO [main] org.apache.catalina.startup.VersionLoggerListener.log CATALINA_BASE:                     C:\Users\Desktop-NG250\Desktop\testing\selenium\java\java-pom\apache-tomcat-10.1.44
02-Sep-2025 21:41:16.387 INFO [main] org.apache.catalina.startup.VersionLoggerListener.log CATALINA_HOME:                     C:\Users\Desktop-NG250\Desktop\testing\selenium\java\java-pom\apache-tomcat-10.1.44
02-Sep-2025 21:41:16.401 INFO [main] org.apache.catalina.startup.VersionLoggerListener.log Command line argument:             -Djava.util.logging.config.file=C:\Users\Desktop-NG250\Desktop\testing\selenium\java\java-pom\apache-tomcat-10.1.44\conf\logging.properties
02-Sep-2025 21:41:16.402 INFO [main] org.apache.catalina.startup.VersionLoggerListener.log Command line argument:             -Djava.util.logging.manager=org.apache.juli.ClassLoaderLogManager
02-Sep-2025 21:41:16.402 INFO [main] org.apache.catalina.startup.VersionLoggerListener.log Command line argument:             -Djdk.tls.ephemeralDHKeySize=2048
02-Sep-2025 21:41:16.403 INFO [main] org.apache.catalina.startup.VersionLoggerListener.log Command line argument:             -Djava.protocol.handler.pkgs=org.apache.catalina.webresources
02-Sep-2025 21:41:16.404 INFO [main] org.apache.catalina.startup.VersionLoggerListener.log Command line argument:             -Dsun.io.useCanonCaches=false
02-Sep-2025 21:41:16.406 INFO [main] org.apache.catalina.startup.VersionLoggerListener.log Command line argument:             --add-opens=java.base/java.lang=ALL-UNNAMED
02-Sep-2025 21:41:16.407 INFO [main] org.apache.catalina.startup.VersionLoggerListener.log Command line argument:             --add-opens=java.base/java.lang.reflect=ALL-UNNAMED
02-Sep-2025 21:41:16.409 INFO [main] org.apache.catalina.startup.VersionLoggerListener.log Command line argument:             --add-opens=java.base/java.io=ALL-UNNAMED
02-Sep-2025 21:41:16.412 INFO [main] org.apache.catalina.startup.VersionLoggerListener.log Command line argument:             --add-opens=java.base/java.util=ALL-UNNAMED
02-Sep-2025 21:41:16.413 INFO [main] org.apache.catalina.startup.VersionLoggerListener.log Command line argument:             --add-opens=java.base/java.util.concurrent=ALL-UNNAMED
02-Sep-2025 21:41:16.418 INFO [main] org.apache.catalina.startup.VersionLoggerListener.log Command line argument:             --add-opens=java.rmi/sun.rmi.transport=ALL-UNNAMED
02-Sep-2025 21:41:16.423 INFO [main] org.apache.catalina.startup.VersionLoggerListener.log Command line argument:             -Dcatalina.base=C:\Users\Desktop-NG250\Desktop\testing\selenium\java\java-pom\apache-tomcat-10.1.44
02-Sep-2025 21:41:16.425 INFO [main] org.apache.catalina.startup.VersionLoggerListener.log Command line argument:             -Dcatalina.home=C:\Users\Desktop-NG250\Desktop\testing\selenium\java\java-pom\apache-tomcat-10.1.44
02-Sep-2025 21:41:16.427 INFO [main] org.apache.catalina.startup.VersionLoggerListener.log Command line argument:             -Djava.io.tmpdir=C:\Users\Desktop-NG250\Desktop\testing\selenium\java\java-pom\apache-tomcat-10.1.44\temp
02-Sep-2025 21:41:16.433 INFO [main] org.apache.catalina.core.AprLifecycleListener.lifecycleEvent Cargada la biblioteca nativa APR de Apache Tomcat [2.0.9] con la versión APR [1.7.6].
02-Sep-2025 21:41:16.444 INFO [main] org.apache.catalina.core.AprLifecycleListener.initializeSSL OpenSSL inicializado correctamente [OpenSSL 3.5.0 8 Apr 2025]
02-Sep-2025 21:41:16.895 INFO [main] org.apache.coyote.AbstractProtocol.init Inicializando el manejador de protocolo ["http-nio-8080"]

02-Sep-2025 21:41:16.935 INFO [main] org.apache.catalina.startup.Catalina.load Server initialization in [855] milliseconds
02-Sep-2025 21:41:17.008 INFO [main] org.apache.catalina.core.StandardService.startInternal Arrancando servicio [Catalina]
02-Sep-2025 21:41:17.011 INFO [main] org.apache.catalina.core.StandardEngine.startInternal Starting Servlet engine: [Apache Tomcat/10.1.44]
02-Sep-2025 21:41:17.047 INFO [main] org.apache.catalina.startup.HostConfig.deployWAR Despliegue del archivo [C:\Users\Desktop-NG250\Desktop\testing\selenium\java\java-pom\apache-tomcat-10.1.44\webapps\parabank.war] de la aplicación web
02-Sep-2025 21:41:26.716 INFO [main] org.apache.jasper.servlet.TldScanner.scanJars Al menos un JAR, que se ha explorado buscando TLDs, aún no contenía TLDs. Activar historial de depuración para este historiador para una completa lista de los JARs que fueron explorados y de los que nos se halló TLDs. Saltarse JARs no necesarios durante la exploración puede dar lugar a una mejora de tiempo significativa en el arranque y compilación de JSP .
02-Sep-2025 21:41:41.436 INFO [main] org.apache.catalina.startup.HostConfig.deployWAR Deployment of web application archive [C:\Users\Desktop-NG250\Desktop\testing\selenium\java\java-pom\apache-tomcat-10.1.44\webapps\parabank.war] has finished in [24.389] ms
02-Sep-2025 21:41:41.443 INFO [main] org.apache.catalina.startup.HostConfig.deployDirectory Desplegando el directorio [C:\Users\Desktop-NG250\Desktop\testing\selenium\java\java-pom\apache-tomcat-10.1.44\webapps\docs] de la aplicación web
02-Sep-2025 21:41:41.516 INFO [main] org.apache.catalina.startup.HostConfig.deployDirectory Deployment of web application directory [C:\Users\Desktop-NG250\Desktop\testing\selenium\java\java-pom\apache-tomcat-10.1.44\webapps\docs] has finished in [73] ms
02-Sep-2025 21:41:41.519 INFO [main] org.apache.catalina.startup.HostConfig.deployDirectory Desplegando el directorio [C:\Users\Desktop-NG250\Desktop\testing\selenium\java\java-pom\apache-tomcat-10.1.44\webapps\examples] de la aplicación web
02-Sep-2025 21:41:42.249 INFO [main] org.apache.catalina.startup.HostConfig.deployDirectory Deployment of web application directory [C:\Users\Desktop-NG250\Desktop\testing\selenium\java\java-pom\apache-tomcat-10.1.44\webapps\examples] has finished in [730] ms
02-Sep-2025 21:41:42.258 INFO [main] org.apache.catalina.startup.HostConfig.deployDirectory Desplegando el directorio [C:\Users\Desktop-NG250\Desktop\testing\selenium\java\java-pom\apache-tomcat-10.1.44\webapps\host-manager] de la aplicación web
02-Sep-2025 21:41:42.327 INFO [main] org.apache.catalina.startup.HostConfig.deployDirectory Deployment of web application directory [C:\Users\Desktop-NG250\Desktop\testing\selenium\java\java-pom\apache-tomcat-10.1.44\webapps\host-manager] has finished in [70] ms
02-Sep-2025 21:41:42.329 INFO [main] org.apache.catalina.startup.HostConfig.deployDirectory Desplegando el directorio [C:\Users\Desktop-NG250\Desktop\testing\selenium\java\java-pom\apache-tomcat-10.1.44\webapps\manager] de la aplicación web
02-Sep-2025 21:41:42.400 INFO [main] org.apache.catalina.startup.HostConfig.deployDirectory Deployment of web application directory [C:\Users\Desktop-NG250\Desktop\testing\selenium\java\java-pom\apache-tomcat-10.1.44\webapps\manager] has finished in [71] ms
02-Sep-2025 21:41:42.403 INFO [main] org.apache.catalina.startup.HostConfig.deployDirectory Desplegando el directorio [C:\Users\Desktop-NG250\Desktop\testing\selenium\java\java-pom\apache-tomcat-10.1.44\webapps\ROOT] de la aplicación web
02-Sep-2025 21:41:42.453 INFO [main] org.apache.catalina.startup.HostConfig.deployDirectory Deployment of web application directory [C:\Users\Desktop-NG250\Desktop\testing\selenium\java\java-pom\apache-tomcat-10.1.44\webapps\ROOT] has finished in [50] ms
02-Sep-2025 21:41:42.465 INFO [main] org.apache.coyote.AbstractProtocol.start Starting ProtocolHandler ["http-nio-8080"]
02-Sep-2025 21:41:42.545 INFO [main] org.apache.catalina.startup.Catalina.start Server startup in [25603] milliseconds
